<?xml version="1.0" encoding="UTF-8"?>
<testng-results ignored="0" total="2" passed="2" failed="0" skipped="0">
  <reporter-output>
  </reporter-output>
  <suite started-at="2023-08-12T05:28:03 IST" name="Suite" finished-at="2023-08-12T05:28:03 IST" duration-ms="164">
    <groups>
    </groups>
    <test started-at="2023-08-12T05:28:03 IST" name="Test" finished-at="2023-08-12T05:28:03 IST" duration-ms="164">
      <class name="Test.TestNgParallelExecution">
        <test-method signature="test()[pri:0, instance:Test.TestNgParallelExecution@a1153bc]" started-at="2023-08-12T05:28:03 IST" name="test" finished-at="2023-08-12T05:28:03 IST" duration-ms="19" status="PASS">
          <reporter-output>
          </reporter-output>
        </test-method> <!-- test -->
        <test-method signature="test1()[pri:0, instance:Test.TestNgParallelExecution@a1153bc]" started-at="2023-08-12T05:28:03 IST" name="test1" finished-at="2023-08-12T05:28:03 IST" duration-ms="1" status="PASS">
          <reporter-output>
          </reporter-output>
        </test-method> <!-- test1 -->
      </class> <!-- Test.TestNgParallelExecution -->
    </test> <!-- Test -->
  </suite> <!-- Suite -->
</testng-results>
